0:0:0:0:0:0:0:1 - - [06/Jun/2020:23:26:02 +0800] "GET /openmeetings HTTP/1.1" 302 -
0:0:0:0:0:0:0:1 - - [06/Jun/2020:23:26:02 +0800] "GET /robots.txt HTTP/1.1" 404 431
0:0:0:0:0:0:0:1 - - [06/Jun/2020:23:26:03 +0800] "GET /openmeetings/ HTTP/1.1" 302 -
0:0:0:0:0:0:0:1 - - [06/Jun/2020:23:26:06 +0800] "GET /openmeetings HTTP/1.1" 302 -
0:0:0:0:0:0:0:1 - - [06/Jun/2020:23:26:06 +0800] "GET /openmeetings/ HTTP/1.1" 302 -
0:0:0:0:0:0:0:1 - - [06/Jun/2020:23:26:10 +0800] "GET /openmeetings/signin HTTP/1.1" 200 8206
0:0:0:0:0:0:0:1 - - [06/Jun/2020:23:26:10 +0800] "GET /openmeetings/signin;jsessionid=1056985A439ABB82478C6E7087E152B0 HTTP/1.1" 200 8206
0:0:0:0:0:0:0:1 - - [06/Jun/2020:23:26:16 +0800] "GET /openmeetings/install HTTP/1.1" 302 -
0:0:0:0:0:0:0:1 - - [06/Jun/2020:23:26:16 +0800] "GET /openmeetings/ HTTP/1.1" 302 -
0:0:0:0:0:0:0:1 - - [06/Jun/2020:23:26:16 +0800] "GET /openmeetings/signin HTTP/1.1" 200 16737
0:0:0:0:0:0:0:1 - - [06/Jun/2020:23:26:16 +0800] "GET /openmeetings/wicket/resource/com.googlecode.wicket.kendo.ui.theme.Initializer/kendo.default.min-ver-5E5137B17A945A763B5ADF24CEF0BCC3.css HTTP/1.1" 200 72959
0:0:0:0:0:0:0:1 - - [06/Jun/2020:23:26:16 +0800] "GET /openmeetings/wicket/resource/org.apache.wicket.resource.JQueryResourceReference/jquery/jquery-3.4.1-ver-D19AFC7779BBA20E96683BE58B330F62.js HTTP/1.1" 200 88061
0:0:0:0:0:0:0:1 - - [06/Jun/2020:23:26:16 +0800] "GET /openmeetings/wicket/resource/com.googlecode.wicket.kendo.ui.theme.Initializer/kendo.default.mobile.min-ver-F6910B0191B70C33365A7C34493BF3DD.css HTTP/1.1" 200 109747
0:0:0:0:0:0:0:1 - - [06/Jun/2020:23:26:16 +0800] "GET /openmeetings/wicket/resource/com.googlecode.wicket.kendo.ui.theme.Initializer/kendo.common.min-ver-0F90D8480AC43160309429855B4A27DB.css HTTP/1.1" 200 257816
0:0:0:0:0:0:0:1 - - [06/Jun/2020:23:26:16 +0800] "GET /openmeetings/wicket/resource/com.googlecode.wicket.jquery.ui.resource.JQueryUIResourceReference/jquery-ui-ver-0A819924D70A18322660DEE759225D2B.js HTTP/1.1" 200 252537
0:0:0:0:0:0:0:1 - - [06/Jun/2020:23:26:16 +0800] "GET /openmeetings/wicket/resource/com.googlecode.wicket.kendo.ui.resource.KendoUIJavaScriptResourceReference/kendo.ui.core.min-ver-1868A13BAEADD3393A0AA302516BAB6E.js HTTP/1.1" 200 830075
0:0:0:0:0:0:0:1 - - [06/Jun/2020:23:26:17 +0800] "GET /openmeetings/css/custom.css HTTP/1.1" 200 112
0:0:0:0:0:0:0:1 - - [06/Jun/2020:23:26:17 +0800] "GET /openmeetings/css/theme.min.css HTTP/1.1" 200 44598
0:0:0:0:0:0:0:1 - - [06/Jun/2020:23:26:17 +0800] "GET /openmeetings/wicket/resource/org.apache.wicket.markup.html.pages.BrowserInfoForm/wicket-browser-info-ver-1B39F312E99A7047E967FDBBFE35211B.js HTTP/1.1" 200 1632
0:0:0:0:0:0:0:1 - - [06/Jun/2020:23:26:17 +0800] "GET /openmeetings/wicket/resource/org.apache.openmeetings.web.common.MainPanel/main-ver-683E975A38A7611C1CD2176C74C915DD.js HTTP/1.1" 200 9337
0:0:0:0:0:0:0:1 - - [06/Jun/2020:23:26:17 +0800] "GET /openmeetings/wicket/resource/org.apache.wicket.ajax.AbstractDefaultAjaxBehavior/res/js/wicket-ajax-jquery-ver-3A8C326A8436172FC95523D517EBC88B.js HTTP/1.1" 200 43967
0:0:0:0:0:0:0:1 - - [06/Jun/2020:23:26:17 +0800] "GET /openmeetings/wicket/resource/org.wicketstuff.urlfragment.UrlParametersReceivingBehavior/urlfragment-ver-DBC507E012E2A775149FD09196030D3D.js HTTP/1.1" 200 2944
0:0:0:0:0:0:0:1 - - [06/Jun/2020:23:26:17 +0800] "GET /openmeetings/css/theme_om/jquery-ui.min.css HTTP/1.1" 200 31071
0:0:0:0:0:0:0:1 - - [06/Jun/2020:23:26:17 +0800] "GET /openmeetings/css/images/logo.png HTTP/1.1" 200 3428
0:0:0:0:0:0:0:1 - - [06/Jun/2020:23:26:17 +0800] "GET /openmeetings/css/theme_om/images/ui-icons_3d80b3_256x240.png HTTP/1.1" 200 4549
0:0:0:0:0:0:0:1 - - [06/Jun/2020:23:26:17 +0800] "GET /openmeetings/wicket/resource/com.googlecode.wicket.kendo.ui.theme.Initializer/images/kendoui.woff?v=1.1 HTTP/1.1" 200 64184
0:0:0:0:0:0:0:1 - - [06/Jun/2020:23:26:37 +0800] "GET /openmeetings/wicket/bookmarkable/org.apache.openmeetings.web.pages.auth.SignInPage?6--register-form-captcha-captcha HTTP/1.1" 200 19107
0:0:0:0:0:0:0:1 - - [06/Jun/2020:23:26:37 +0800] "GET /openmeetings/wicket/bookmarkable/org.apache.openmeetings.web.pages.auth.SignInPage?6-1.0-&&_=1591457177331 HTTP/1.1" 200 80
0:0:0:0:0:0:0:1 - - [06/Jun/2020:23:26:37 +0800] "GET /openmeetings/wicket/resource/org.apache.wicket.ajax.AbstractDefaultAjaxBehavior/indicator-ver-03CE3DCC84AF110E9DA8699A841E5200.gif HTTP/1.1" 200 1553
0:0:0:0:0:0:0:1 - - [06/Jun/2020:23:26:41 +0800] "GET /openmeetings/wicket/bookmarkable/org.apache.openmeetings.web.pages.auth.SignInPage?6--forget-form-captcha-captcha HTTP/1.1" 200 19168
0:0:0:0:0:0:0:1 - - [06/Jun/2020:23:26:41 +0800] "GET /openmeetings/public/favicon.ico HTTP/1.1" 200 11294
0:0:0:0:0:0:0:1 - - [06/Jun/2020:23:26:48 +0800] "POST /openmeetings/wicket/bookmarkable/org.apache.openmeetings.web.pages.auth.SignInPage?6-1.2-signin HTTP/1.1" 200 1852
0:0:0:0:0:0:0:1 - - [06/Jun/2020:23:26:48 +0800] "GET /openmeetings/wicket/bookmarkable/org.apache.openmeetings.web.pages.auth.SignInPage?6-1.0-signin&navigatorAppName=Netscape&navigatorAppVersion=5.0%20(Windows%20NT%2010.0%3B%20Win64%3B%20x64)%20AppleWebKit%2F537.36%20(KHTML%2C%20like%20Gecko)%20Chrome%2F83.0.4103.97%20Safari%2F537.36&navigatorAppCodeName=Mozilla&navigatorCookieEnabled=true&navigatorJavaEnabled=false&navigatorLanguage=id&navigatorPlatform=Win32&navigatorUserAgent=Mozilla%2F5.0%20(Windows%20NT%2010.0%3B%20Win64%3B%20x64)%20AppleWebKit%2F537.36%20(KHTML%2C%20like%20Gecko)%20Chrome%2F83.0.4103.97%20Safari%2F537.36&screenWidth=1366&screenHeight=768&screenColorDepth=24&utcOffset=8&utcDSTOffset=8&browserWidth=1366&browserHeight=695&hostname=localhost&codebase=http%3A%2F%2Flocalhost%3A5080%2Fopenmeetings%2Fsignin&settings=%5Bobject%20Object%5D&_=1591457177332 HTTP/1.1" 200 80
0:0:0:0:0:0:0:1 - - [06/Jun/2020:23:26:48 +0800] "GET /openmeetings/wicket/resource/com.googlecode.wicket.kendo.ui.theme.Initializer/fonts/glyphs/WebComponentsIcons.ttf?gedxeo HTTP/1.1" 200 96492
0:0:0:0:0:0:0:1 - - [06/Jun/2020:23:27:05 +0800] "POST /openmeetings/wicket/bookmarkable/org.apache.openmeetings.web.pages.auth.SignInPage?6-1.2-signin HTTP/1.1" 200 1852
0:0:0:0:0:0:0:1 - - [06/Jun/2020:23:27:41 +0800] "GET /openmeetings/signin HTTP/1.1" 200 16737
0:0:0:0:0:0:0:1 - - [06/Jun/2020:23:27:42 +0800] "GET /openmeetings/css/theme.min.css HTTP/1.1" 304 -
0:0:0:0:0:0:0:1 - - [06/Jun/2020:23:27:42 +0800] "GET /openmeetings/css/theme_om/jquery-ui.min.css HTTP/1.1" 304 -
0:0:0:0:0:0:0:1 - - [06/Jun/2020:23:27:42 +0800] "GET /openmeetings/css/custom.css HTTP/1.1" 304 -
0:0:0:0:0:0:0:1 - - [06/Jun/2020:23:27:42 +0800] "GET /openmeetings/css/images/logo.png HTTP/1.1" 304 -
0:0:0:0:0:0:0:1 - - [06/Jun/2020:23:27:42 +0800] "GET /openmeetings/css/theme_om/images/ui-icons_3d80b3_256x240.png HTTP/1.1" 304 -
0:0:0:0:0:0:0:1 - - [06/Jun/2020:23:27:47 +0800] "GET /openmeetings/wicket/bookmarkable/org.apache.openmeetings.web.pages.auth.SignInPage?7--register-form-captcha-captcha HTTP/1.1" 200 22820
0:0:0:0:0:0:0:1 - - [06/Jun/2020:23:27:47 +0800] "GET /openmeetings/wicket/bookmarkable/org.apache.openmeetings.web.pages.auth.SignInPage?7-1.0-&&_=1591457262404 HTTP/1.1" 200 80
0:0:0:0:0:0:0:1 - - [06/Jun/2020:23:27:51 +0800] "GET /openmeetings/wicket/bookmarkable/org.apache.openmeetings.web.pages.auth.SignInPage?7--forget-form-captcha-captcha HTTP/1.1" 200 16753
0:0:0:0:0:0:0:1 - - [06/Jun/2020:23:27:51 +0800] "GET /openmeetings/public/favicon.ico HTTP/1.1" 200 11294
0:0:0:0:0:0:0:1 - - [06/Jun/2020:23:27:53 +0800] "POST /openmeetings/wicket/bookmarkable/org.apache.openmeetings.web.pages.auth.SignInPage?7-1.2-signin HTTP/1.1" 200 76
0:0:0:0:0:0:0:1 - - [06/Jun/2020:23:27:53 +0800] "GET /openmeetings/wicket/bookmarkable/org.apache.openmeetings.web.pages.auth.SignInPage?7-1.0-signin&navigatorAppName=Netscape&navigatorAppVersion=5.0%20(Windows%20NT%2010.0%3B%20Win64%3B%20x64)%20AppleWebKit%2F537.36%20(KHTML%2C%20like%20Gecko)%20Chrome%2F83.0.4103.97%20Safari%2F537.36&navigatorAppCodeName=Mozilla&navigatorCookieEnabled=true&navigatorJavaEnabled=false&navigatorLanguage=id&navigatorPlatform=Win32&navigatorUserAgent=Mozilla%2F5.0%20(Windows%20NT%2010.0%3B%20Win64%3B%20x64)%20AppleWebKit%2F537.36%20(KHTML%2C%20like%20Gecko)%20Chrome%2F83.0.4103.97%20Safari%2F537.36&screenWidth=1366&screenHeight=768&screenColorDepth=24&utcOffset=8&utcDSTOffset=8&browserWidth=1366&browserHeight=695&hostname=localhost&codebase=http%3A%2F%2Flocalhost%3A5080%2Fopenmeetings%2Fsignin&settings=%5Bobject%20Object%5D&_=1591457262405 HTTP/1.1" 200 80
0:0:0:0:0:0:0:1 - - [06/Jun/2020:23:27:53 +0800] "GET /openmeetings/ HTTP/1.1" 200 3694
0:0:0:0:0:0:0:1 - - [06/Jun/2020:23:28:01 +0800] "GET /openmeetings/?8-1.0-&_=1591457274019 HTTP/1.1" 200 32072
0:0:0:0:0:0:0:1 - - [06/Jun/2020:23:28:01 +0800] "GET /openmeetings/wicket/resource/com.googlecode.wicket.jquery.ui.plugins.wysiwyg.resource.BootstrapCSSResourceReference/css/bootstrap-ver-E5204549139F4863F1AB3D7B868F160E.css HTTP/1.1" 200 23070
0:0:0:0:0:0:0:1 - - [06/Jun/2020:23:28:01 +0800] "GET /openmeetings/wicket/resource/com.googlecode.wicket.jquery.ui.plugins.wysiwyg.resource.EditorStyleSheetResourceReference/css/editor-ver-027E6CF0E49013BE0BA5A2273C2BE146.css HTTP/1.1" 200 1342
0:0:0:0:0:0:0:1 - - [06/Jun/2020:23:28:01 +0800] "GET /openmeetings/wicket/resource/com.googlecode.wicket.jquery.ui.plugins.wysiwyg.resource.EditorJavaScriptResourceReference/js/editor-ver-1E2C148343A7CDCF3C36F84D05A88A6C.js HTTP/1.1" 200 173
0:0:0:0:0:0:0:1 - - [06/Jun/2020:23:28:01 +0800] "GET /openmeetings/wicket/resource/com.googlecode.wicket.jquery.ui.plugins.wysiwyg.resource.BootstrapWysiwygJavaScriptResourceReference/js/bootstrap-wysiwyg-ver-07BFB34B509275DEF7120F0A56599AC4.js HTTP/1.1" 200 5963
0:0:0:0:0:0:0:1 - - [06/Jun/2020:23:28:01 +0800] "GET /openmeetings/wicket/resource/com.googlecode.wicket.jquery.ui.plugins.wysiwyg.resource.BootstrapDropDownJavaScriptResourceReference/js/bootstrap-dropdown-ver-E3EA9EE7CDF9A6D35828C0F48FA64DED.js HTTP/1.1" 200 3393
0:0:0:0:0:0:0:1 - - [06/Jun/2020:23:28:01 +0800] "GET /openmeetings/wicket/resource/com.googlecode.wicket.jquery.ui.plugins.wysiwyg.resource.JQueryHotKeysJavaScriptResourceReference/js/jquery.hotkeys-ver-89A115D74D249709EE41BEEF54DBA3C5.js HTTP/1.1" 200 3135
0:0:0:0:0:0:0:1 - - [06/Jun/2020:23:28:02 +0800] "GET /openmeetings/wicket/resource/com.googlecode.wicket.jquery.ui.plugins.wysiwyg.resource.PrettifyJavaScriptResourceReference/js/prettify-ver-E3A3C402BCEA5F5D686FEA20E8B3BAF7.js HTTP/1.1" 200 18037
0:0:0:0:0:0:0:1 - - [06/Jun/2020:23:28:02 +0800] "GET /openmeetings/wicket/resource/org.apache.openmeetings.web.util.UserMultiChoice/user-multi-choice-ver-635BCD831ACAC35A939E7783A9D01A42.js HTTP/1.1" 200 181
0:0:0:0:0:0:0:1 - - [06/Jun/2020:23:28:02 +0800] "GET /openmeetings/wicket/resource/org.apache.openmeetings.web.user.chat.Chat/chat-ver-F143D0C8D9FA9751D102FE8C1140A852.js HTTP/1.1" 200 10620
0:0:0:0:0:0:0:1 - - [06/Jun/2020:23:28:02 +0800] "GET /openmeetings/wicket/resource/org.apache.wicket.extensions.ajax.AjaxDownloadBehavior/wicket-ajaxdownload-ver-7F95C6BFAB62BCB8677C5427C2A66C82.js HTTP/1.1" 200 1856
0:0:0:0:0:0:0:1 - - [06/Jun/2020:23:28:02 +0800] "GET /openmeetings/wicket/resource/org.wicketstuff.select2.ApplicationSettings/res/js/select2.full-ver-2B58EE896DCD5DC83A428E4E0614A8FF.js HTTP/1.1" 200 78475
0:0:0:0:0:0:0:1 - - [06/Jun/2020:23:28:02 +0800] "GET /openmeetings/public/chat_message.mp3 HTTP/1.1" 206 4597
0:0:0:0:0:0:0:1 - - [06/Jun/2020:23:28:02 +0800] "GET /openmeetings/wicket/resource/org.wicketstuff.select2.ApplicationSettings/res/css/select2-ver-9F54E6414F87E0D14B9E966F19A174F9.css HTTP/1.1" 200 14966
0:0:0:0:0:0:0:1 - - [06/Jun/2020:23:28:02 +0800] "GET /openmeetings/wicket/resource/org.wicketstuff.select2.Select2LanguageResourceReference/res/js/i18n/en-ver-BEA0A90273F2D395206464C3515C406D.js HTTP/1.1" 200 762
0:0:0:0:0:0:0:1 - - [06/Jun/2020:23:28:02 +0800] "GET /openmeetings/wicket/resource/org.apache.wicket.protocol.ws.api.WicketWebSocketJQueryResourceReference/res/js/wicket-websocket-jquery-ver-370ACDADB8B1C155A71364B5770043B1.js HTTP/1.1" 200 3863
0:0:0:0:0:0:0:1 - - [06/Jun/2020:23:28:02 +0800] "GET /openmeetings/css/theme_om/jquery-ui.min.css HTTP/1.1" 304 -
0:0:0:0:0:0:0:1 - - [06/Jun/2020:23:28:02 +0800] "GET /openmeetings/css/theme_om/jquery-ui.min.css HTTP/1.1" 304 -
0:0:0:0:0:0:0:1 - - [06/Jun/2020:23:28:02 +0800] "GET /openmeetings/css/theme.min.css HTTP/1.1" 304 -
0:0:0:0:0:0:0:1 - - [06/Jun/2020:23:28:02 +0800] "GET /openmeetings/css/theme.min.css HTTP/1.1" 304 -
0:0:0:0:0:0:0:1 - - [06/Jun/2020:23:28:02 +0800] "GET /openmeetings/css/custom.css HTTP/1.1" 304 -
0:0:0:0:0:0:0:1 - - [06/Jun/2020:23:28:02 +0800] "GET /openmeetings/css/custom.css HTTP/1.1" 304 -
0:0:0:0:0:0:0:1 - - [06/Jun/2020:23:28:02 +0800] "GET /openmeetings/css/images/list.png HTTP/1.1" 200 345
0:0:0:0:0:0:0:1 - - [06/Jun/2020:23:28:02 +0800] "GET /openmeetings/images/ajax-loader.gif HTTP/1.1" 200 8787
0:0:0:0:0:0:0:1 - - [06/Jun/2020:23:28:02 +0800] "GET /openmeetings/css/images/link.png HTTP/1.1" 200 343
0:0:0:0:0:0:0:1 - - [06/Jun/2020:23:28:02 +0800] "GET /openmeetings/css/theme_om/images/ui-icons_ffffff_256x240.png HTTP/1.1" 200 6299
0:0:0:0:0:0:0:1 - - [06/Jun/2020:23:28:02 +0800] "GET /openmeetings/css/images/settings.png HTTP/1.1" 200 2104
0:0:0:0:0:0:0:1 - - [06/Jun/2020:23:28:03 +0800] "GET /openmeetings/css/images/information.png HTTP/1.1" 200 778
0:0:0:0:0:0:0:1 - - [06/Jun/2020:23:28:03 +0800] "GET /openmeetings/wicket/resource/com.googlecode.wicket.jquery.ui.plugins.wysiwyg.toolbar.DefaultWysiwygToolbar/text_bold-ver-D60427AD6F59300010958ABBE021AD16.png HTTP/1.1" 200 304
0:0:0:0:0:0:0:1 - - [06/Jun/2020:23:28:03 +0800] "GET /openmeetings/wicket/resource/com.googlecode.wicket.jquery.ui.plugins.wysiwyg.toolbar.DefaultWysiwygToolbar/text_italic-ver-FCA8AF7918D79E4716235E6232A4ADA5.png HTTP/1.1" 200 223
0:0:0:0:0:0:0:1 - - [06/Jun/2020:23:28:03 +0800] "GET /openmeetings/wicket/resource/com.googlecode.wicket.jquery.ui.plugins.wysiwyg.toolbar.DefaultWysiwygToolbar/font-ver-F93890E540101B00C545F9A80FFBBB3A.png HTTP/1.1" 200 567
0:0:0:0:0:0:0:1 - - [06/Jun/2020:23:28:03 +0800] "GET /openmeetings/wicket/resource/com.googlecode.wicket.jquery.ui.plugins.wysiwyg.toolbar.DefaultWysiwygToolbar/text_underline-ver-59A750FB5BD4CCD84B71025CAD16CC5B.png HTTP/1.1" 200 273
0:0:0:0:0:0:0:1 - - [06/Jun/2020:23:28:03 +0800] "GET /openmeetings/wicket/resource/com.googlecode.wicket.jquery.ui.plugins.wysiwyg.toolbar.DefaultWysiwygToolbar/text_list_numbers-ver-88F7AA99A1ADE6526C72711D8614BC40.png HTTP/1.1" 200 357
0:0:0:0:0:0:0:1 - - [06/Jun/2020:23:28:03 +0800] "GET /openmeetings/wicket/resource/com.googlecode.wicket.jquery.ui.plugins.wysiwyg.toolbar.DefaultWysiwygToolbar/text_list_bullets-ver-2130EAAF40E8DCEEFE00227573C344A4.png HTTP/1.1" 200 344
0:0:0:0:0:0:0:1 - - [06/Jun/2020:23:28:03 +0800] "GET /openmeetings/wicket/resource/com.googlecode.wicket.jquery.ui.plugins.wysiwyg.toolbar.DefaultWysiwygToolbar/text_strikethrough-ver-CF25F036AA3D24212A3191B04A0B4024.png HTTP/1.1" 200 269
0:0:0:0:0:0:0:1 - - [06/Jun/2020:23:28:03 +0800] "GET /openmeetings/wicket/websocket?pageId=8&wicket-ajax-baseurl=.&wicket-app-name=OpenmeetingsApplication HTTP/1.1" 101 -
0:0:0:0:0:0:0:1 - - [06/Jun/2020:23:28:03 +0800] "GET /openmeetings/wicket/resource/com.googlecode.wicket.jquery.ui.plugins.wysiwyg.toolbar.DefaultWysiwygToolbar/text_indent_remove-ver-EFA6FCDF3ACC185503792870899ECC11.png HTTP/1.1" 200 351
0:0:0:0:0:0:0:1 - - [06/Jun/2020:23:28:03 +0800] "GET /openmeetings/wicket/resource/com.googlecode.wicket.jquery.ui.plugins.wysiwyg.toolbar.DefaultWysiwygToolbar/text_indent-ver-47F0424810CB024B398ABB451B29B3C9.png HTTP/1.1" 200 353
0:0:0:0:0:0:0:1 - - [06/Jun/2020:23:28:03 +0800] "GET /openmeetings/wicket/resource/com.googlecode.wicket.jquery.ui.plugins.wysiwyg.toolbar.DefaultWysiwygToolbar/text_align_left-ver-F4E8F006E259BC6C26255B0C8136BC32.png HTTP/1.1" 200 209
0:0:0:0:0:0:0:1 - - [06/Jun/2020:23:28:03 +0800] "GET /openmeetings/wicket/resource/com.googlecode.wicket.jquery.ui.plugins.wysiwyg.toolbar.DefaultWysiwygToolbar/text_align_right-ver-F59401F4DA56FA2EC1FB01268AE758FF.png HTTP/1.1" 200 209
0:0:0:0:0:0:0:1 - - [06/Jun/2020:23:28:03 +0800] "GET /openmeetings/wicket/resource/com.googlecode.wicket.jquery.ui.plugins.wysiwyg.toolbar.DefaultWysiwygToolbar/text_align_center-ver-D75136F1375033B9DEA04F7B116B2A1D.png HTTP/1.1" 200 234
0:0:0:0:0:0:0:1 - - [06/Jun/2020:23:28:03 +0800] "GET /openmeetings/wicket/resource/com.googlecode.wicket.jquery.ui.plugins.wysiwyg.toolbar.DefaultWysiwygToolbar/text_align_justify-ver-EF8AA59BD4F4669829C87A180D9F4676.png HTTP/1.1" 200 209
0:0:0:0:0:0:0:1 - - [06/Jun/2020:23:28:03 +0800] "GET /openmeetings/wicket/resource/com.googlecode.wicket.jquery.ui.plugins.wysiwyg.toolbar.DefaultWysiwygToolbar/link-ver-A5DC8319BFF018855EE0441E4A3B54B9.png HTTP/1.1" 200 343
0:0:0:0:0:0:0:1 - - [06/Jun/2020:23:28:03 +0800] "GET /openmeetings/wicket/resource/com.googlecode.wicket.jquery.ui.plugins.wysiwyg.toolbar.DefaultWysiwygToolbar/link_delete-ver-CB01CCC217A0984355F43001401DF053.png HTTP/1.1" 200 600
0:0:0:0:0:0:0:1 - - [06/Jun/2020:23:28:03 +0800] "GET /openmeetings/wicket/resource/com.googlecode.wicket.jquery.ui.plugins.wysiwyg.toolbar.DefaultWysiwygToolbar/arrow_undo-ver-9A4FFD836C709958EFF80A3260F8A1CB.png HTTP/1.1" 200 631
0:0:0:0:0:0:0:1 - - [06/Jun/2020:23:28:03 +0800] "GET /openmeetings/wicket/resource/com.googlecode.wicket.jquery.ui.plugins.wysiwyg.toolbar.DefaultWysiwygToolbar/arrow_redo-ver-343B85BE448A966C1592B35F2F6D7A79.png HTTP/1.1" 200 625
0:0:0:0:0:0:0:1 - - [06/Jun/2020:23:28:03 +0800] "GET /openmeetings/?8-1.1-&&_=1591457274020 HTTP/1.1" 200 80
0:0:0:0:0:0:0:1 - - [06/Jun/2020:23:28:10 +0800] "GET /openmeetings/?8-1.0-main~container&_=1591457274021 HTTP/1.1" 200 32693
0:0:0:0:0:0:0:1 - - [06/Jun/2020:23:28:10 +0800] "GET /openmeetings/wicket/resource/org.apache.wicket.extensions.ajax.markup.html.form.upload.UploadProgressBar/progressbar-ver-B14676737BD89F339E39CBFD58427C98.js HTTP/1.1" 200 1851
0:0:0:0:0:0:0:1 - - [06/Jun/2020:23:28:10 +0800] "GET /openmeetings/wicket/resource/org.apache.wicket.extensions.ajax.markup.html.form.upload.UploadProgressBar/UploadProgressBar-ver-25FED0D4BB977795BC0BA0D76BD5F5CE.css HTTP/1.1" 200 184
0:0:0:0:0:0:0:1 - - [06/Jun/2020:23:28:10 +0800] "GET /openmeetings/wicket/resource/org.apache.openmeetings.web.util.upload.BootstrapFileUploadBehavior/omfileinput-ver-834A289236513481594A42D4A713DF35.js HTTP/1.1" 200 3875
0:0:0:0:0:0:0:1 - - [06/Jun/2020:23:28:10 +0800] "GET /openmeetings/wicket/resource/org.apache.openmeetings.web.util.upload.BootstrapFileUploadBehavior/omfileinput-ver-65E08ABB4B755DB3D4819E9866669D33.css HTTP/1.1" 200 4228
0:0:0:0:0:0:0:1 - - [06/Jun/2020:23:28:10 +0800] "GET /openmeetings/wicket/resource/org.wicketstuff.dashboard.web.DashboardSettings/res/jquery.json-2.2.min-ver-2D59CCDC20E736725BDBCB433E080EC0.js HTTP/1.1" 200 2247
0:0:0:0:0:0:0:1 - - [06/Jun/2020:23:28:10 +0800] "GET /openmeetings/wicket/resource/org.wicketstuff.dashboard.web.DashboardSettings/res/dashboard-ver-14FCFBEEBA371033D25422441F37071F.js HTTP/1.1" 200 412
0:0:0:0:0:0:0:1 - - [06/Jun/2020:23:28:10 +0800] "GET /openmeetings/wicket/resource/org.wicketstuff.dashboard.web.DashboardSettings/res/dashboard-ver-02CFFDA96CB24B2E6BC08F30941AE5FF.css HTTP/1.1" 200 1530
0:0:0:0:0:0:0:1 - - [06/Jun/2020:23:28:10 +0800] "GET /openmeetings/css/images/logo.png HTTP/1.1" 304 -
0:0:0:0:0:0:0:1 - - [06/Jun/2020:23:28:10 +0800] "GET /openmeetings/wicket/resource/org.wicketstuff.dashboard.web.DashboardSettings/res/down.png HTTP/1.1" 200 617
0:0:0:0:0:0:0:1 - - [06/Jun/2020:23:28:10 +0800] "GET /openmeetings/css/images/wizzard_button_2.png HTTP/1.1" 200 2717
0:0:0:0:0:0:0:1 - - [06/Jun/2020:23:28:10 +0800] "GET /openmeetings/css/images/wizzard_button_4.png HTTP/1.1" 200 2432
0:0:0:0:0:0:0:1 - - [06/Jun/2020:23:28:10 +0800] "GET /openmeetings/css/theme_om/images/ui-icons_3d80b3_256x240.png HTTP/1.1" 304 -
0:0:0:0:0:0:0:1 - - [06/Jun/2020:23:28:10 +0800] "GET /openmeetings/css/images/wizzard_button_3.png HTTP/1.1" 200 2801
0:0:0:0:0:0:0:1 - - [06/Jun/2020:23:28:10 +0800] "GET /openmeetings/css/images/wizzard_button_1.png HTTP/1.1" 200 2267
0:0:0:0:0:0:0:1 - - [06/Jun/2020:23:28:10 +0800] "GET /openmeetings/css/theme_om/images/ui-icons_72a7cf_256x240.png HTTP/1.1" 200 4549
0:0:0:0:0:0:0:1 - - [06/Jun/2020:23:28:10 +0800] "GET /openmeetings/css/theme_om/images/ui-icons_2e83ff_256x240.png HTTP/1.1" 200 4549
0:0:0:0:0:0:0:1 - - [06/Jun/2020:23:28:10 +0800] "GET /openmeetings/?8-1.2-main~container-main&navigatorAppName=Netscape&navigatorAppVersion=5.0%20(Windows%20NT%2010.0%3B%20Win64%3B%20x64)%20AppleWebKit%2F537.36%20(KHTML%2C%20like%20Gecko)%20Chrome%2F83.0.4103.97%20Safari%2F537.36&navigatorAppCodeName=Mozilla&navigatorCookieEnabled=true&navigatorJavaEnabled=false&navigatorLanguage=id&navigatorPlatform=Win32&navigatorUserAgent=Mozilla%2F5.0%20(Windows%20NT%2010.0%3B%20Win64%3B%20x64)%20AppleWebKit%2F537.36%20(KHTML%2C%20like%20Gecko)%20Chrome%2F83.0.4103.97%20Safari%2F537.36&screenWidth=1366&screenHeight=768&screenColorDepth=24&utcOffset=8&utcDSTOffset=8&browserWidth=1366&browserHeight=695&hostname=localhost&codebase=http%3A%2F%2Flocalhost%3A5080%2Fopenmeetings%2F&settings=%5Bobject%20Object%5D&_=1591457274022 HTTP/1.1" 200 80
0:0:0:0:0:0:0:1 - - [06/Jun/2020:23:28:11 +0800] "GET /openmeetings/profile/1?anticache=1590840991051 HTTP/1.1" 200 17191577
0:0:0:0:0:0:0:1 - - [06/Jun/2020:23:28:17 +0800] "GET /openmeetings/wicket/resource/org.wicketstuff.dashboard.web.DashboardSettings/res/delete.gif HTTP/1.1" 200 351
0:0:0:0:0:0:0:1 - - [06/Jun/2020:23:28:17 +0800] "GET /openmeetings/wicket/resource/org.wicketstuff.dashboard.web.DashboardSettings/res/refresh.gif HTTP/1.1" 200 925
0:0:0:0:0:0:0:1 - - [06/Jun/2020:23:28:18 +0800] "GET /openmeetings/?8-1.0-main~container-main-topControls-topLinks-logout&_=1591457274023 HTTP/1.1" 200 295
0:0:0:0:0:0:0:1 - - [06/Jun/2020:23:28:18 +0800] "GET /openmeetings/?8-1.1-&&_=1591457274024 HTTP/1.1" 200 80
0:0:0:0:0:0:0:1 - - [06/Jun/2020:23:28:20 +0800] "POST /openmeetings/?8-1.0-main~container-main-topControls-topLinks-logout-form-dialog HTTP/1.1" 200 83
0:0:0:0:0:0:0:1 - - [06/Jun/2020:23:28:20 +0800] "GET /openmeetings/signin HTTP/1.1" 200 16688
0:0:0:0:0:0:0:1 - - [06/Jun/2020:23:28:20 +0800] "GET /openmeetings/css/theme_om/jquery-ui.min.css HTTP/1.1" 304 -
0:0:0:0:0:0:0:1 - - [06/Jun/2020:23:28:20 +0800] "GET /openmeetings/css/custom.css HTTP/1.1" 304 -
0:0:0:0:0:0:0:1 - - [06/Jun/2020:23:28:20 +0800] "GET /openmeetings/css/theme.min.css HTTP/1.1" 304 -
0:0:0:0:0:0:0:1 - - [06/Jun/2020:23:28:21 +0800] "GET /openmeetings/css/images/logo.png HTTP/1.1" 304 -
0:0:0:0:0:0:0:1 - - [06/Jun/2020:23:28:21 +0800] "GET /openmeetings/css/theme_om/images/ui-icons_3d80b3_256x240.png HTTP/1.1" 304 -
0:0:0:0:0:0:0:1 - - [06/Jun/2020:23:28:25 +0800] "GET /openmeetings/wicket/bookmarkable/org.apache.openmeetings.web.pages.auth.SignInPage?0-1.0-&&_=1591457300782 HTTP/1.1" 200 80
0:0:0:0:0:0:0:1 - - [06/Jun/2020:23:28:25 +0800] "GET /openmeetings/wicket/bookmarkable/org.apache.openmeetings.web.pages.auth.SignInPage?0--register-form-captcha-captcha HTTP/1.1" 200 21724
0:0:0:0:0:0:0:1 - - [06/Jun/2020:23:28:29 +0800] "GET /openmeetings/wicket/bookmarkable/org.apache.openmeetings.web.pages.auth.SignInPage?0--forget-form-captcha-captcha HTTP/1.1" 200 19420
0:0:0:0:0:0:0:1 - - [06/Jun/2020:23:28:31 +0800] "GET /openmeetings/wicket/bookmarkable/org.apache.openmeetings.web.pages.auth.SignInPage?0-1.0-signin&navigatorAppName=Netscape&navigatorAppVersion=5.0%20(Windows%20NT%2010.0%3B%20Win64%3B%20x64)%20AppleWebKit%2F537.36%20(KHTML%2C%20like%20Gecko)%20Chrome%2F83.0.4103.97%20Safari%2F537.36&navigatorAppCodeName=Mozilla&navigatorCookieEnabled=true&navigatorJavaEnabled=false&navigatorLanguage=id&navigatorPlatform=Win32&navigatorUserAgent=Mozilla%2F5.0%20(Windows%20NT%2010.0%3B%20Win64%3B%20x64)%20AppleWebKit%2F537.36%20(KHTML%2C%20like%20Gecko)%20Chrome%2F83.0.4103.97%20Safari%2F537.36&screenWidth=1366&screenHeight=768&screenColorDepth=24&utcOffset=8&utcDSTOffset=8&browserWidth=1366&browserHeight=695&hostname=localhost&codebase=http%3A%2F%2Flocalhost%3A5080%2Fopenmeetings%2Fsignin&settings=%5Bobject%20Object%5D&_=1591457300783 HTTP/1.1" 200 80
