0:0:0:0:0:0:0:1 - - [01/Jun/2020:15:32:09 +0800] "GET /openmeetings HTTP/1.1" 302 -
0:0:0:0:0:0:0:1 - - [01/Jun/2020:15:32:09 +0800] "GET /robots.txt HTTP/1.1" 404 431
0:0:0:0:0:0:0:1 - - [01/Jun/2020:15:32:10 +0800] "GET /openmeetings/ HTTP/1.1" 302 -
0:0:0:0:0:0:0:1 - - [01/Jun/2020:15:32:16 +0800] "GET /openmeetings/signin;jsessionid=C5A4927E4BFC969A55A75269F4EECB38 HTTP/1.1" 200 16688
0:0:0:0:0:0:0:1 - - [01/Jun/2020:15:32:17 +0800] "GET /openmeetings/css/theme_om/jquery-ui.min.css HTTP/1.1" 304 -
0:0:0:0:0:0:0:1 - - [01/Jun/2020:15:32:17 +0800] "GET /openmeetings/css/custom.css HTTP/1.1" 304 -
0:0:0:0:0:0:0:1 - - [01/Jun/2020:15:32:17 +0800] "GET /openmeetings/css/theme.min.css HTTP/1.1" 304 -
0:0:0:0:0:0:0:1 - - [01/Jun/2020:15:32:18 +0800] "GET /openmeetings/css/images/logo.png HTTP/1.1" 304 -
0:0:0:0:0:0:0:1 - - [01/Jun/2020:15:32:18 +0800] "GET /openmeetings/css/theme_om/images/ui-icons_3d80b3_256x240.png HTTP/1.1" 304 -
0:0:0:0:0:0:0:1 - - [01/Jun/2020:15:32:27 +0800] "GET /openmeetings/wicket/bookmarkable/org.apache.openmeetings.web.pages.auth.SignInPage?1--register-form-captcha-captcha HTTP/1.1" 200 18472
0:0:0:0:0:0:0:1 - - [01/Jun/2020:15:32:27 +0800] "GET /openmeetings/wicket/bookmarkable/org.apache.openmeetings.web.pages.auth.SignInPage?1-1.0-&&_=1590996737747 HTTP/1.1" 200 80
0:0:0:0:0:0:0:1 - - [01/Jun/2020:15:32:33 +0800] "GET /openmeetings/wicket/bookmarkable/org.apache.openmeetings.web.pages.auth.SignInPage?1--forget-form-captcha-captcha HTTP/1.1" 200 21754
0:0:0:0:0:0:0:1 - - [01/Jun/2020:15:32:34 +0800] "GET /openmeetings/wicket/bookmarkable/org.apache.openmeetings.web.pages.auth.SignInPage?1-1.0-signin&navigatorAppName=Netscape&navigatorAppVersion=5.0%20(Windows%20NT%2010.0%3B%20Win64%3B%20x64)%20AppleWebKit%2F537.36%20(KHTML%2C%20like%20Gecko)%20Chrome%2F83.0.4103.61%20Safari%2F537.36&navigatorAppCodeName=Mozilla&navigatorCookieEnabled=true&navigatorJavaEnabled=false&navigatorLanguage=id&navigatorPlatform=Win32&navigatorUserAgent=Mozilla%2F5.0%20(Windows%20NT%2010.0%3B%20Win64%3B%20x64)%20AppleWebKit%2F537.36%20(KHTML%2C%20like%20Gecko)%20Chrome%2F83.0.4103.61%20Safari%2F537.36&screenWidth=1366&screenHeight=768&screenColorDepth=24&utcOffset=8&utcDSTOffset=8&browserWidth=1366&browserHeight=695&hostname=localhost&codebase=http%3A%2F%2Flocalhost%3A5080%2Fopenmeetings%2Fsignin%3Bjsessionid%3DC5A4927E4BFC969A55A75269F4EECB38&settings=%5Bobject%20Object%5D&_=1590996737748 HTTP/1.1" 200 80
0:0:0:0:0:0:0:1 - - [01/Jun/2020:15:38:40 +0800] "GET /openmeetings/css/custom.css HTTP/1.1" 304 -
0:0:0:0:0:0:0:1 - - [01/Jun/2020:15:38:40 +0800] "GET /openmeetings/css/theme.min.css HTTP/1.1" 304 -
0:0:0:0:0:0:0:1 - - [01/Jun/2020:15:38:40 +0800] "GET /openmeetings/css/theme_om/jquery-ui.min.css HTTP/1.1" 304 -
0:0:0:0:0:0:0:1 - - [01/Jun/2020:15:38:40 +0800] "GET /openmeetings/wicket/resource/com.googlecode.wicket.kendo.ui.theme.Initializer/kendo.default.mobile.min.css.map HTTP/1.1" 200 36593
0:0:0:0:0:0:0:1 - - [01/Jun/2020:15:38:40 +0800] "GET /openmeetings/wicket/resource/com.googlecode.wicket.kendo.ui.theme.Initializer/kendo.default.min.css.map HTTP/1.1" 200 21215
0:0:0:0:0:0:0:1 - - [01/Jun/2020:15:38:40 +0800] "GET /openmeetings/wicket/resource/com.googlecode.wicket.kendo.ui.theme.Initializer/kendo.common.min.css.map HTTP/1.1" 200 99872
0:0:0:0:0:0:0:1 - - [01/Jun/2020:15:38:41 +0800] "GET /openmeetings/wicket/resource/com.googlecode.wicket.kendo.ui.resource.KendoUIJavaScriptResourceReference/kendo.ui.core.min.js.map HTTP/1.1" 200 3404635
0:0:0:0:0:0:0:1 - - [01/Jun/2020:15:45:23 +0800] "GET /openmeetings/wicket/bookmarkable/org.apache.openmeetings.web.pages.auth.SignInPage?1-1.0-signin-signin-forget&_=1590996737749 HTTP/1.1" 200 2076
0:0:0:0:0:0:0:1 - - [01/Jun/2020:15:45:29 +0800] "GET /openmeetings/wicket/bookmarkable/org.apache.openmeetings.web.pages.auth.SignInPage?1--forget-form-captcha-captcha&antiCache=1590997523869 HTTP/1.1" 200 19188
0:0:0:0:0:0:0:1 - - [01/Jun/2020:15:45:42 +0800] "GET /openmeetings/css/theme_om/images/ui-icons_2694e8_256x240.png HTTP/1.1" 304 -
0:0:0:0:0:0:0:1 - - [01/Jun/2020:15:45:43 +0800] "GET /openmeetings/css/theme_om/images/ui-icons_ffffff_256x240.png HTTP/1.1" 304 -
0:0:0:0:0:0:0:1 - - [01/Jun/2020:15:45:43 +0800] "GET /openmeetings/wicket/bookmarkable/org.apache.openmeetings.web.pages.auth.SignInPage?1-1.2-forget&_=1590996737750 HTTP/1.1" 200 160
0:0:0:0:0:0:0:1 - - [01/Jun/2020:15:46:55 +0800] "POST /openmeetings/wicket/bookmarkable/org.apache.openmeetings.web.pages.auth.SignInPage?1-1.2-signin HTTP/1.1" 200 76
0:0:0:0:0:0:0:1 - - [01/Jun/2020:15:46:56 +0800] "GET /openmeetings/ HTTP/1.1" 200 3694
0:0:0:0:0:0:0:1 - - [01/Jun/2020:15:47:07 +0800] "GET /openmeetings/?2-1.0-&_=1590997616648 HTTP/1.1" 200 32070
0:0:0:0:0:0:0:1 - - [01/Jun/2020:15:47:07 +0800] "GET /openmeetings/public/chat_message.mp3 HTTP/1.1" 304 -
0:0:0:0:0:0:0:1 - - [01/Jun/2020:15:47:08 +0800] "GET /openmeetings/css/theme_om/jquery-ui.min.css HTTP/1.1" 304 -
0:0:0:0:0:0:0:1 - - [01/Jun/2020:15:47:08 +0800] "GET /openmeetings/css/theme_om/jquery-ui.min.css HTTP/1.1" 304 -
0:0:0:0:0:0:0:1 - - [01/Jun/2020:15:47:08 +0800] "GET /openmeetings/css/theme.min.css HTTP/1.1" 304 -
0:0:0:0:0:0:0:1 - - [01/Jun/2020:15:47:08 +0800] "GET /openmeetings/css/theme.min.css HTTP/1.1" 304 -
0:0:0:0:0:0:0:1 - - [01/Jun/2020:15:47:08 +0800] "GET /openmeetings/css/custom.css HTTP/1.1" 304 -
0:0:0:0:0:0:0:1 - - [01/Jun/2020:15:47:08 +0800] "GET /openmeetings/css/custom.css HTTP/1.1" 304 -
0:0:0:0:0:0:0:1 - - [01/Jun/2020:15:47:08 +0800] "GET /openmeetings/css/theme_om/images/ui-icons_ffffff_256x240.png HTTP/1.1" 304 -
0:0:0:0:0:0:0:1 - - [01/Jun/2020:15:47:08 +0800] "GET /openmeetings/css/images/list.png HTTP/1.1" 304 -
0:0:0:0:0:0:0:1 - - [01/Jun/2020:15:47:08 +0800] "GET /openmeetings/images/ajax-loader.gif HTTP/1.1" 304 -
0:0:0:0:0:0:0:1 - - [01/Jun/2020:15:47:08 +0800] "GET /openmeetings/css/images/link.png HTTP/1.1" 304 -
0:0:0:0:0:0:0:1 - - [01/Jun/2020:15:47:08 +0800] "GET /openmeetings/css/images/settings.png HTTP/1.1" 304 -
0:0:0:0:0:0:0:1 - - [01/Jun/2020:15:47:08 +0800] "GET /openmeetings/css/images/information.png HTTP/1.1" 304 -
0:0:0:0:0:0:0:1 - - [01/Jun/2020:15:47:09 +0800] "GET /openmeetings/wicket/websocket?pageId=2&wicket-ajax-baseurl=.&wicket-app-name=OpenmeetingsApplication HTTP/1.1" 101 -
0:0:0:0:0:0:0:1 - - [01/Jun/2020:15:47:09 +0800] "GET /openmeetings/?2-1.1-&&_=1590997616649 HTTP/1.1" 200 80
0:0:0:0:0:0:0:1 - - [01/Jun/2020:15:47:16 +0800] "GET /openmeetings/?2-1.0-main~container&_=1590997616650 HTTP/1.1" 200 32699
0:0:0:0:0:0:0:1 - - [01/Jun/2020:15:47:17 +0800] "GET /openmeetings/css/theme_om/images/ui-icons_2e83ff_256x240.png HTTP/1.1" 304 -
0:0:0:0:0:0:0:1 - - [01/Jun/2020:15:47:17 +0800] "GET /openmeetings/css/images/logo.png HTTP/1.1" 304 -
0:0:0:0:0:0:0:1 - - [01/Jun/2020:15:47:17 +0800] "GET /openmeetings/css/images/wizzard_button_2.png HTTP/1.1" 304 -
0:0:0:0:0:0:0:1 - - [01/Jun/2020:15:47:17 +0800] "GET /openmeetings/css/images/wizzard_button_3.png HTTP/1.1" 304 -
0:0:0:0:0:0:0:1 - - [01/Jun/2020:15:47:17 +0800] "GET /openmeetings/css/images/wizzard_button_1.png HTTP/1.1" 304 -
0:0:0:0:0:0:0:1 - - [01/Jun/2020:15:47:17 +0800] "GET /openmeetings/css/theme_om/images/ui-icons_72a7cf_256x240.png HTTP/1.1" 304 -
0:0:0:0:0:0:0:1 - - [01/Jun/2020:15:47:17 +0800] "GET /openmeetings/css/images/wizzard_button_4.png HTTP/1.1" 304 -
0:0:0:0:0:0:0:1 - - [01/Jun/2020:15:47:17 +0800] "GET /openmeetings/css/theme_om/images/ui-icons_3d80b3_256x240.png HTTP/1.1" 304 -
0:0:0:0:0:0:0:1 - - [01/Jun/2020:15:47:17 +0800] "GET /openmeetings/?2-1.2-main~container-main&navigatorAppName=Netscape&navigatorAppVersion=5.0%20(Windows%20NT%2010.0%3B%20Win64%3B%20x64)%20AppleWebKit%2F537.36%20(KHTML%2C%20like%20Gecko)%20Chrome%2F83.0.4103.61%20Safari%2F537.36&navigatorAppCodeName=Mozilla&navigatorCookieEnabled=true&navigatorJavaEnabled=false&navigatorLanguage=id&navigatorPlatform=Win32&navigatorUserAgent=Mozilla%2F5.0%20(Windows%20NT%2010.0%3B%20Win64%3B%20x64)%20AppleWebKit%2F537.36%20(KHTML%2C%20like%20Gecko)%20Chrome%2F83.0.4103.61%20Safari%2F537.36&screenWidth=1366&screenHeight=768&screenColorDepth=24&utcOffset=8&utcDSTOffset=8&browserWidth=1366&browserHeight=695&hostname=localhost&codebase=http%3A%2F%2Flocalhost%3A5080%2Fopenmeetings%2F&settings=%5Bobject%20Object%5D&_=1590997616651 HTTP/1.1" 200 80
0:0:0:0:0:0:0:1 - - [01/Jun/2020:15:47:19 +0800] "GET /openmeetings/profile/1?anticache=1590840991051 HTTP/1.1" 200 17191577
0:0:0:0:0:0:0:1 - - [01/Jun/2020:15:47:46 +0800] "GET /openmeetings/?2-1.0-main~container-main&_=1590997616652 HTTP/1.1" 200 245
0:0:0:0:0:0:0:1 - - [01/Jun/2020:15:48:16 +0800] "GET /openmeetings/?2-1.0-main~container-main&_=1590997616653 HTTP/1.1" 200 245
0:0:0:0:0:0:0:1 - - [01/Jun/2020:15:48:46 +0800] "GET /openmeetings/?2-1.0-main~container-main&_=1590997616654 HTTP/1.1" 200 245
0:0:0:0:0:0:0:1 - - [01/Jun/2020:15:49:16 +0800] "GET /openmeetings/?2-1.0-main~container-main&_=1590997616655 HTTP/1.1" 200 245
0:0:0:0:0:0:0:1 - - [01/Jun/2020:15:49:47 +0800] "GET /openmeetings/?2-1.0-main~container-main&_=1590997616656 HTTP/1.1" 200 245
0:0:0:0:0:0:0:1 - - [01/Jun/2020:15:50:17 +0800] "GET /openmeetings/?2-1.0-main~container-main&_=1590997616657 HTTP/1.1" 200 245
0:0:0:0:0:0:0:1 - - [01/Jun/2020:15:50:48 +0800] "GET /openmeetings/?2-1.0-main~container-main&_=1590997616658 HTTP/1.1" 200 245
0:0:0:0:0:0:0:1 - - [01/Jun/2020:15:51:19 +0800] "GET /openmeetings/?2-1.0-main~container-main&_=1590997616659 HTTP/1.1" 200 245
0:0:0:0:0:0:0:1 - - [01/Jun/2020:15:51:50 +0800] "GET /openmeetings/?2-1.0-main~container-main&_=1590997616660 HTTP/1.1" 200 245
0:0:0:0:0:0:0:1 - - [01/Jun/2020:15:52:22 +0800] "GET /openmeetings/?2-1.0-main~container-main&_=1590997616661 HTTP/1.1" 200 245
0:0:0:0:0:0:0:1 - - [01/Jun/2020:15:52:53 +0800] "GET /openmeetings/?2-1.0-main~container-main&_=1590997616662 HTTP/1.1" 200 245
0:0:0:0:0:0:0:1 - - [01/Jun/2020:15:53:24 +0800] "GET /openmeetings/?2-1.0-main~container-main&_=1590997616663 HTTP/1.1" 200 245
0:0:0:0:0:0:0:1 - - [01/Jun/2020:15:53:55 +0800] "GET /openmeetings/?2-1.0-main~container-main&_=1590997616664 HTTP/1.1" 200 245
0:0:0:0:0:0:0:1 - - [01/Jun/2020:15:54:26 +0800] "GET /openmeetings/?2-1.0-main~container-main&_=1590997616665 HTTP/1.1" 200 245
0:0:0:0:0:0:0:1 - - [01/Jun/2020:15:54:57 +0800] "GET /openmeetings/?2-1.0-main~container-main&_=1590997616666 HTTP/1.1" 200 245
0:0:0:0:0:0:0:1 - - [01/Jun/2020:15:55:28 +0800] "GET /openmeetings/?2-1.0-main~container-main&_=1590997616667 HTTP/1.1" 200 245
0:0:0:0:0:0:0:1 - - [01/Jun/2020:15:55:59 +0800] "GET /openmeetings/?2-1.0-main~container-main&_=1590997616668 HTTP/1.1" 200 245
0:0:0:0:0:0:0:1 - - [01/Jun/2020:15:56:30 +0800] "GET /openmeetings/?2-1.0-main~container-main&_=1590997616669 HTTP/1.1" 200 245
0:0:0:0:0:0:0:1 - - [01/Jun/2020:15:57:01 +0800] "GET /openmeetings/?2-1.0-main~container-main&_=1590997616670 HTTP/1.1" 200 245
0:0:0:0:0:0:0:1 - - [01/Jun/2020:15:57:32 +0800] "GET /openmeetings/?2-1.0-main~container-main&_=1590997616671 HTTP/1.1" 200 245
0:0:0:0:0:0:0:1 - - [01/Jun/2020:15:58:03 +0800] "GET /openmeetings/?2-1.0-main~container-main&_=1590997616672 HTTP/1.1" 200 245
0:0:0:0:0:0:0:1 - - [01/Jun/2020:15:58:34 +0800] "GET /openmeetings/?2-1.0-main~container-main&_=1590997616673 HTTP/1.1" 200 245
0:0:0:0:0:0:0:1 - - [01/Jun/2020:15:59:05 +0800] "GET /openmeetings/?2-1.0-main~container-main&_=1590997616674 HTTP/1.1" 200 245
0:0:0:0:0:0:0:1 - - [01/Jun/2020:15:59:36 +0800] "GET /openmeetings/?2-1.0-main~container-main&_=1590997616675 HTTP/1.1" 200 245
0:0:0:0:0:0:0:1 - - [01/Jun/2020:16:00:07 +0800] "GET /openmeetings/?2-1.0-main~container-main&_=1590997616676 HTTP/1.1" 200 245
0:0:0:0:0:0:0:1 - - [01/Jun/2020:16:00:38 +0800] "GET /openmeetings/?2-1.0-main~container-main&_=1590997616677 HTTP/1.1" 200 245
0:0:0:0:0:0:0:1 - - [01/Jun/2020:16:01:09 +0800] "GET /openmeetings/?2-1.0-main~container-main&_=1590997616678 HTTP/1.1" 200 245
0:0:0:0:0:0:0:1 - - [01/Jun/2020:16:01:40 +0800] "GET /openmeetings/?2-1.0-main~container-main&_=1590997616679 HTTP/1.1" 200 245
0:0:0:0:0:0:0:1 - - [01/Jun/2020:16:02:11 +0800] "GET /openmeetings/?2-1.0-main~container-main&_=1590997616680 HTTP/1.1" 200 245
0:0:0:0:0:0:0:1 - - [01/Jun/2020:16:02:42 +0800] "GET /openmeetings/?2-1.0-main~container-main&_=1590997616681 HTTP/1.1" 200 245
0:0:0:0:0:0:0:1 - - [01/Jun/2020:16:03:13 +0800] "GET /openmeetings/?2-1.0-main~container-main&_=1590997616682 HTTP/1.1" 200 245
0:0:0:0:0:0:0:1 - - [01/Jun/2020:16:03:44 +0800] "GET /openmeetings/?2-1.0-main~container-main&_=1590997616683 HTTP/1.1" 200 245
0:0:0:0:0:0:0:1 - - [01/Jun/2020:16:04:17 +0800] "GET /openmeetings/?2-1.0-main~container-main&_=1590997616684 HTTP/1.1" 200 245
0:0:0:0:0:0:0:1 - - [01/Jun/2020:16:04:48 +0800] "GET /openmeetings/?2-1.0-main~container-main&_=1590997616685 HTTP/1.1" 200 245
0:0:0:0:0:0:0:1 - - [01/Jun/2020:16:05:19 +0800] "GET /openmeetings/?2-1.0-main~container-main&_=1590997616686 HTTP/1.1" 200 245
0:0:0:0:0:0:0:1 - - [01/Jun/2020:16:05:50 +0800] "GET /openmeetings/?2-1.0-main~container-main&_=1590997616687 HTTP/1.1" 200 245
0:0:0:0:0:0:0:1 - - [01/Jun/2020:16:06:21 +0800] "GET /openmeetings/?2-1.0-main~container-main&_=1590997616688 HTTP/1.1" 200 245
0:0:0:0:0:0:0:1 - - [01/Jun/2020:16:06:52 +0800] "GET /openmeetings/?2-1.0-main~container-main&_=1590997616689 HTTP/1.1" 200 245
0:0:0:0:0:0:0:1 - - [01/Jun/2020:16:07:23 +0800] "GET /openmeetings/?2-1.0-main~container-main&_=1590997616690 HTTP/1.1" 200 245
0:0:0:0:0:0:0:1 - - [01/Jun/2020:16:07:54 +0800] "GET /openmeetings/?2-1.0-main~container-main&_=1590997616691 HTTP/1.1" 200 245
0:0:0:0:0:0:0:1 - - [01/Jun/2020:16:08:25 +0800] "GET /openmeetings/?2-1.0-main~container-main&_=1590997616692 HTTP/1.1" 200 245
0:0:0:0:0:0:0:1 - - [01/Jun/2020:16:08:56 +0800] "GET /openmeetings/?2-1.0-main~container-main&_=1590997616693 HTTP/1.1" 200 245
0:0:0:0:0:0:0:1 - - [01/Jun/2020:16:09:27 +0800] "GET /openmeetings/?2-1.0-main~container-main&_=1590997616694 HTTP/1.1" 200 245
